<?xml version="1.0" encoding="UTF-8"?>
<testsuite name="PojoTest" tests="1" skipped="0" failures="0" errors="0" timestamp="2021-11-19T23:03:02" hostname="WIN-IKPSQF1972M" time="0.013">
  <properties/>
  <testcase name="testPojo()" classname="PojoTest" time="0.013"/>
  <system-out><![CDATA[]]></system-out>
  <system-err><![CDATA[]]></system-err>
</testsuite>
